<?xml version="1.0" encoding="UTF-8"?>
<!-- Generated by org.testng.reporters.JUnitReportReporter -->
<testsuite skipped="0" hostname="MB-004304.local" name="tests.CommerceFlowTest" tests="1" failures="0" timestamp="09 ago 2019 21:07:37 GMT" time="3.121" errors="0">
  <testcase name="acessarDetalheDoProduto" time="3.121" classname="tests.CommerceFlowTest"/>
</testsuite> <!-- tests.CommerceFlowTest -->
