<?xml version="1.0" encoding="UTF-8"?>
<!-- Generated by org.testng.reporters.JUnitReportReporter -->
<testsuite hostname="MacAlugado01.local" failures="0" tests="2" name="tests.CommerceFlowTest" time="11.782" errors="0" timestamp="15 abr 2019 17:31:59 GMT" skipped="0">
  <testcase classname="tests.CommerceFlowTest" name="registerUser" time="8.656"/>
  <testcase classname="tests.CommerceFlowTest" name="acessarDetalheDoProduto" time="3.126"/>
</testsuite> <!-- tests.CommerceFlowTest -->
