<?xml version="1.0" encoding="UTF-8"?>
<!-- Generated by org.testng.reporters.JUnitReportReporter -->
<testsuite skipped="0" hostname="MB-004304.local" name="tests.CommerceFlowTest" tests="3" failures="0" timestamp="01 dez 2019 22:26:41 GMT" time="23.620" errors="0">
  <testcase name="testAcessarCategoriaTShirts" time="2.515" classname="tests.CommerceFlowTest"/>
  <testcase name="testRealizarLogin" time="3.705" classname="tests.CommerceFlowTest"/>
  <testcase name="testRealizarUmaCompra" time="17.400" classname="tests.CommerceFlowTest"/>
</testsuite> <!-- tests.CommerceFlowTest -->
