<?xml version="1.0" encoding="UTF-8"?>
<!-- Generated by org.testng.reporters.JUnitReportReporter -->
<testsuite skipped="0" hostname="MB-004304.local" name="tests.CommerceFlowTest" tests="2" failures="0" timestamp="09 ago 2019 21:02:04 GMT" time="11.279" errors="0">
  <testcase name="registerUser" time="8.404" classname="tests.CommerceFlowTest"/>
  <testcase name="acessarDetalheDoProduto" time="2.875" classname="tests.CommerceFlowTest"/>
</testsuite> <!-- tests.CommerceFlowTest -->
