<?xml version="1.0" encoding="UTF-8"?>
<!-- Generated by org.testng.reporters.JUnitReportReporter -->
<testsuite skipped="0" hostname="MB-004304.local" name="tests.CommerceFlowTest" tests="3" failures="0" timestamp="27 set 2019 21:02:15 GMT" time="26.977" errors="0">
  <testcase name="testAcessarCategoriaTShirts" time="3.784" classname="tests.CommerceFlowTest"/>
  <testcase name="testRealizarLogin" time="4.053" classname="tests.CommerceFlowTest"/>
  <testcase name="testRealizarUmaCompra" time="19.140" classname="tests.CommerceFlowTest"/>
</testsuite> <!-- tests.CommerceFlowTest -->
