<?xml version="1.0" encoding="UTF-8"?>
<!-- Generated by org.testng.reporters.JUnitReportReporter -->
<testsuite skipped="0" hostname="Maximilianos-MacBook-Pro.local" name="tests.CommerceFlowTest" tests="1" failures="0" timestamp="14 abr 2019 22:39:19 GMT" time="21.026" errors="0">
  <testcase name="registerUser" time="21.026" classname="tests.CommerceFlowTest"/>
</testsuite> <!-- tests.CommerceFlowTest -->
